success
success1
success1
success1
success1
success1
success1
success1
Delete function accessed.
Delete function accessed.
Delete function accessed.
Delete function accessed.
Delete function accessed.
Existing contact harry edited.
Existing contact harry edited.
Changed name of existing contact jon to john
Added new contact marco
Contact john deleted.
Contact paul deleted.
Contact paul deleted.
Contact marco deleted.
Added new contact boris
Added new contact leroy
Added new contact leroy
Changed name of existing contact jane to kevin
Added new contact kevin
Added new contact janet
Added new contact karen
Changed name of existing contact karen to sally
Contact janet deleted.
